<?xml version="1.0" encoding="UTF-8"?>
<testsuite name="services.MovieServiceTest" tests="2" skipped="0" failures="0" errors="0" timestamp="2021-12-29T16:30:07" hostname="TROYKA" time="0.912">
  <properties/>
  <testcase name="return_movies_find_by_genre()" classname="services.MovieServiceTest" time="0.894"/>
  <testcase name="return_movie_find_all()" classname="services.MovieServiceTest" time="0.012"/>
  <system-out><![CDATA[]]></system-out>
  <system-err><![CDATA[]]></system-err>
</testsuite>
